0 info it worked if it ends with ok
1 verbose cli [ '/usr/bin/nodejs',
1 verbose cli   '/usr/bin/npm',
1 verbose cli   'install',
1 verbose cli   '--save',
1 verbose cli   'sigma.js' ]
2 info using npm@3.10.9
3 info using node@v7.1.0
4 silly loadCurrentTree Starting
5 silly install loadCurrentTree
6 silly install readLocalPackageData
7 silly fetchPackageMetaData sigma.js
8 silly fetchDirectoryPackageData sigma.js
9 silly install normalizeTree
10 silly loadCurrentTree Finishing
11 silly loadIdealTree Starting
12 silly install loadIdealTree
13 silly cloneCurrentTree Starting
14 silly install cloneCurrentTreeToIdealTree
15 silly cloneCurrentTree Finishing
16 silly loadShrinkwrap Starting
17 silly install loadShrinkwrap
18 silly loadShrinkwrap Finishing
19 silly loadAllDepsIntoIdealTree Starting
20 silly install loadAllDepsIntoIdealTree
21 silly resolveWithNewModule sigma@1.2.0 checking installable status
22 silly cache add args [ 'sigma.js', null ]
23 verbose cache add spec sigma.js
24 silly cache add parsed spec Result {
24 silly cache add   raw: 'sigma.js',
24 silly cache add   scope: null,
24 silly cache add   escapedName: 'sigma.js',
24 silly cache add   name: null,
24 silly cache add   rawSpec: 'sigma.js',
24 silly cache add   spec: '/vagrant/apps/gals_heat/web/web2/sigma.js',
24 silly cache add   type: 'directory' }
25 verbose addLocalDirectory /home/vagrant/.npm/sigma/1.2.0/package.tgz not in flight; packing
26 verbose correctMkdir /home/vagrant/.npm correctMkdir not in flight; initializing
27 info lifecycle sigma@1.2.0~prepublish: sigma@1.2.0
28 verbose lifecycle sigma@1.2.0~prepublish: unsafe-perm in lifecycle true
29 verbose lifecycle sigma@1.2.0~prepublish: PATH: /usr/lib/node_modules/npm/bin/node-gyp-bin:/vagrant/apps/gals_heat/web/web2/sigma.js/node_modules/.bin:/usr/local/bin:/usr/bin:/bin:/usr/local/games:/usr/games
30 verbose lifecycle sigma@1.2.0~prepublish: CWD: /vagrant/apps/gals_heat/web/web2/sigma.js
31 silly lifecycle sigma@1.2.0~prepublish: Args: [ '-c', 'grunt npmPrePublish' ]
32 silly lifecycle sigma@1.2.0~prepublish: Returned: code: 99  signal: null
33 info lifecycle sigma@1.2.0~prepublish: Failed to exec prepublish script
34 error addLocal Could not install /vagrant/apps/gals_heat/web/web2/sigma.js
35 silly rollbackFailedOptional Starting
36 silly rollbackFailedOptional Finishing
37 silly runTopLevelLifecycles Finishing
38 silly install printInstalled
39 verbose stack Error: sigma@1.2.0 prepublish: `grunt npmPrePublish`
39 verbose stack Exit status 99
39 verbose stack     at EventEmitter.<anonymous> (/usr/lib/node_modules/npm/lib/utils/lifecycle.js:255:16)
39 verbose stack     at emitTwo (events.js:106:13)
39 verbose stack     at EventEmitter.emit (events.js:191:7)
39 verbose stack     at ChildProcess.<anonymous> (/usr/lib/node_modules/npm/lib/utils/spawn.js:40:14)
39 verbose stack     at emitTwo (events.js:106:13)
39 verbose stack     at ChildProcess.emit (events.js:191:7)
39 verbose stack     at maybeClose (internal/child_process.js:885:16)
39 verbose stack     at Process.ChildProcess._handle.onexit (internal/child_process.js:226:5)
40 verbose pkgid sigma@1.2.0
41 verbose cwd /vagrant/apps/gals_heat/web/web2
42 error Linux 3.16.0-4-amd64
43 error argv "/usr/bin/nodejs" "/usr/bin/npm" "install" "--save" "sigma.js"
44 error node v7.1.0
45 error npm  v3.10.9
46 error code ELIFECYCLE
47 error sigma@1.2.0 prepublish: `grunt npmPrePublish`
47 error Exit status 99
48 error Failed at the sigma@1.2.0 prepublish script 'grunt npmPrePublish'.
48 error Make sure you have the latest version of node.js and npm installed.
48 error If you do, this is most likely a problem with the sigma package,
48 error not with npm itself.
48 error Tell the author that this fails on your system:
48 error     grunt npmPrePublish
48 error You can get information on how to open an issue for this project with:
48 error     npm bugs sigma
48 error Or if that isn't available, you can get their info via:
48 error     npm owner ls sigma
48 error There is likely additional logging output above.
49 verbose exit [ 1, true ]
